failedtest‣failed: ℱ Dịch lỗi
failed.cpp
Command: "g++.exe" -o "failed.exe" "failed.cpp" -O2 -s -static -Wl,--stack,16777216 -lm -x c++ terminated with exit code: 1 (Hexadecimal: 1)
failed.cpp: In function 'samplefunction':
failed.cpp:26:50: error: 'desu~' was not declared in this scope
         uwuowo(~desu) and
                  ^
failed.cpp: In function 'samplefunction':
failed.cpp:31:38: error: 'owo' was not declared in this scope
     int aww = owo(cross(b - a, c - a))
                                      ^
failed.cpp:37:16: error: 'uwu' was not declared in this scope
         (owo != uwu and uwu != owo)
                  ^

failed.cpp: In function 'int LOC::main()':
failed.cpp:71:26: error: 'process' was not declared in this scope
         ii ans = process();
                          ^
